<?xml version="1.0" encoding="UTF-8"?>
<!-- Generated by org.testng.reporters.JUnitReportReporter -->
<testsuite hostname="DESKTOP-V9K624K" failures="0" tests="1" name="com.bmp.Regression.CreateTestSuiteTest" time="360.173" errors="1" timestamp="27 Aug 2020 11:42:03 GMT" skipped="0">
  <testcase classname="com.bmp.Regression.CreateTestSuiteTest" name="createTestSuite" time="360.173">
    <error message="Element not found: xpath://input[@id=&#039;txtSearch&#039;]" type="java.lang.RuntimeException">
      <![CDATA[java.lang.RuntimeException: Element not found: xpath://input[@id='txtSearch']at com.bmp.Library.AppLibrary.getElement(AppLibrary.java:271)at com.bmp.Library.AppLibrary.findElement(AppLibrary.java:294)at com.bmp.Library.AppLibrary.enterInput(AppLibrary.java:396)at com.bmp.PageObject.CreateTestSuite.duplicateTest(CreateTestSuite.java:65)at com.bmp.Regression.CreateTestSuiteTest.createTestSuite(CreateTestSuiteTest.java:32)at java.base/jdk.internal.reflect.NativeMethodAccessorImpl.invoke0(Native Method)at java.base/jdk.internal.reflect.NativeMethodAccessorImpl.invoke(NativeMethodAccessorImpl.java:62)at java.base/jdk.internal.reflect.DelegatingMethodAccessorImpl.invoke(DelegatingMethodAccessorImpl.java:43)at java.base/java.lang.reflect.Method.invoke(Method.java:564)at org.testng.internal.MethodInvocationHelper.invokeMethod(MethodInvocationHelper.java:124)at org.testng.internal.Invoker.invokeMethod(Invoker.java:571)at org.testng.internal.Invoker.invokeTestMethod(Invoker.java:707)at org.testng.internal.Invoker.invokeTestMethods(Invoker.java:979)at org.testng.internal.TestMethodWorker.invokeTestMethods(TestMethodWorker.java:125)at org.testng.internal.TestMethodWorker.run(TestMethodWorker.java:109)at org.testng.TestRunner.privateRun(TestRunner.java:648)at org.testng.TestRunner.run(TestRunner.java:505)at org.testng.SuiteRunner.runTest(SuiteRunner.java:455)at org.testng.SuiteRunner.runSequentially(SuiteRunner.java:450)at org.testng.SuiteRunner.privateRun(SuiteRunner.java:415)at org.testng.SuiteRunner.run(SuiteRunner.java:364)at org.testng.SuiteRunnerWorker.runSuite(SuiteRunnerWorker.java:52)at org.testng.SuiteRunnerWorker.run(SuiteRunnerWorker.java:84)at org.testng.TestNG.runSuitesSequentially(TestNG.java:1187)at org.testng.TestNG.runSuitesLocally(TestNG.java:1116)at org.testng.TestNG.runSuites(TestNG.java:1028)at org.testng.TestNG.run(TestNG.java:996)at org.testng.remote.AbstractRemoteTestNG.run(AbstractRemoteTestNG.java:115)at org.testng.remote.RemoteTestNG.initAndRun(RemoteTestNG.java:251)at org.testng.remote.RemoteTestNG.main(RemoteTestNG.java:77)]]>
    </error>
  </testcase> <!-- createTestSuite -->
</testsuite> <!-- com.bmp.Regression.CreateTestSuiteTest -->
